{"C:\\Users\\tushr\\Feature-Flagged-Feedback-Widget\\src\\Component\\Widget\\FeedbackForm.tsx": {"path":"C:\\Users\\tushr\\Feature-Flagged-Feedback-Widget\\src\\Component\\Widget\\FeedbackForm.tsx","statementMap":{"0":{"start":{"line":20,"column":0},"end":{"line":20,"column":24}},"1":{"start":{"line":1,"column":0},"end":{"line":1,"column":52}},"2":{"start":{"line":2,"column":0},"end":{"line":2,"column":42}},"3":{"start":{"line":3,"column":0},"end":{"line":3,"column":56}},"4":{"start":{"line":4,"column":0},"end":{"line":4,"column":58}},"5":{"start":{"line":5,"column":0},"end":{"line":5,"column":67}},"6":{"start":{"line":6,"column":0},"end":{"line":6,"column":51}},"7":{"start":{"line":21,"column":40},"end":{"line":21,"column":55}},"8":{"start":{"line":22,"column":44},"end":{"line":22,"column":59}},"9":{"start":{"line":23,"column":32},"end":{"line":23,"column":47}},"10":{"start":{"line":24,"column":16},"end":{"line":24,"column":33}},"11":{"start":{"line":25,"column":27},"end":{"line":25,"column":30}},"12":{"start":{"line":26,"column":21},"end":{"line":26,"column":35}},"13":{"start":{"line":28,"column":28},"end":{"line":33,"column":4}},"14":{"start":{"line":42,"column":6},"end":{"line":42,"column":49}},"15":{"start":{"line":44,"column":23},"end":{"line":46,"column":3}},"16":{"start":{"line":45,"column":4},"end":{"line":45,"column":43}},"17":{"start":{"line":48,"column":19},"end":{"line":62,"column":3}},"18":{"start":{"line":49,"column":4},"end":{"line":49,"column":21}},"19":{"start":{"line":50,"column":4},"end":{"line":50,"column":26}},"20":{"start":{"line":51,"column":4},"end":{"line":61,"column":5}},"21":{"start":{"line":52,"column":6},"end":{"line":52,"column":33}},"22":{"start":{"line":53,"column":6},"end":{"line":53,"column":29}},"23":{"start":{"line":54,"column":6},"end":{"line":54,"column":14}},"24":{"start":{"line":55,"column":6},"end":{"line":55,"column":48}},"25":{"start":{"line":56,"column":6},"end":{"line":56,"column":70}},"26":{"start":{"line":58,"column":6},"end":{"line":58,"column":27}},"27":{"start":{"line":60,"column":6},"end":{"line":60,"column":24}},"28":{"start":{"line":64,"column":19},"end":{"line":64,"column":47}},"29":{"start":{"line":65,"column":2},"end":{"line":71,"column":29}},"30":{"start":{"line":66,"column":4},"end":{"line":70,"column":5}},"31":{"start":{"line":67,"column":6},"end":{"line":67,"column":30}},"32":{"start":{"line":68,"column":6},"end":{"line":68,"column":28}},"33":{"start":{"line":69,"column":6},"end":{"line":69,"column":26}},"34":{"start":{"line":74,"column":2},"end":{"line":106,"column":19}},"35":{"start":{"line":75,"column":4},"end":{"line":75,"column":49}},"36":{"start":{"line":75,"column":42},"end":{"line":75,"column":49}},"37":{"start":{"line":77,"column":22},"end":{"line":78,"column":null}},"38":{"start":{"line":80,"column":4},"end":{"line":80,"column":34}},"39":{"start":{"line":80,"column":27},"end":{"line":80,"column":34}},"40":{"start":{"line":82,"column":18},"end":{"line":82,"column":30}},"41":{"start":{"line":83,"column":17},"end":{"line":83,"column":48}},"42":{"start":{"line":86,"column":6},"end":{"line":89,"column":7}},"43":{"start":{"line":87,"column":8},"end":{"line":87,"column":18}},"44":{"start":{"line":88,"column":8},"end":{"line":88,"column":15}},"45":{"start":{"line":91,"column":6},"end":{"line":91,"column":34}},"46":{"start":{"line":91,"column":27},"end":{"line":91,"column":34}},"47":{"start":{"line":93,"column":6},"end":{"line":99,"column":7}},"48":{"start":{"line":94,"column":8},"end":{"line":94,"column":27}},"49":{"start":{"line":95,"column":8},"end":{"line":95,"column":21}},"50":{"start":{"line":96,"column":13},"end":{"line":99,"column":7}},"51":{"start":{"line":97,"column":8},"end":{"line":97,"column":27}},"52":{"start":{"line":98,"column":8},"end":{"line":98,"column":22}},"53":{"start":{"line":102,"column":4},"end":{"line":102,"column":52}},"54":{"start":{"line":103,"column":4},"end":{"line":103,"column":41}},"55":{"start":{"line":105,"column":4},"end":{"line":105,"column":68}},"56":{"start":{"line":105,"column":17},"end":{"line":105,"column":67}},"57":{"start":{"line":108,"column":2},"end":{"line":405,"column":4}},"58":{"start":{"line":155,"column":17},"end":{"line":155,"column":64}},"59":{"start":{"line":158,"column":17},"end":{"line":158,"column":61}},"60":{"start":{"line":185,"column":33},"end":{"line":185,"column":69}},"61":{"start":{"line":196,"column":33},"end":{"line":196,"column":78}},"62":{"start":{"line":197,"column":32},"end":{"line":197,"column":74}},"63":{"start":{"line":221,"column":18},"end":{"line":221,"column":56}},"64":{"start":{"line":222,"column":18},"end":{"line":222,"column":78}},"65":{"start":{"line":234,"column":33},"end":{"line":234,"column":78}},"66":{"start":{"line":235,"column":32},"end":{"line":235,"column":74}},"67":{"start":{"line":266,"column":20},"end":{"line":269,"column":22}},"68":{"start":{"line":270,"column":20},"end":{"line":276,"column":22}},"69":{"start":{"line":290,"column":33},"end":{"line":290,"column":78}},"70":{"start":{"line":291,"column":32},"end":{"line":291,"column":74}},"71":{"start":{"line":308,"column":33},"end":{"line":308,"column":73}},"72":{"start":{"line":319,"column":33},"end":{"line":319,"column":78}},"73":{"start":{"line":320,"column":32},"end":{"line":320,"column":74}},"74":{"start":{"line":366,"column":19},"end":{"line":366,"column":66}},"75":{"start":{"line":369,"column":19},"end":{"line":369,"column":63}},"76":{"start":{"line":392,"column":19},"end":{"line":392,"column":66}},"77":{"start":{"line":395,"column":19},"end":{"line":395,"column":63}}},"fnMap":{"0":{"name":"FeedbackForm","decl":{"start":{"line":20,"column":24},"end":{"line":20,"column":36}},"loc":{"start":{"line":20,"column":67},"end":{"line":406,"column":1}}},"1":{"name":"(anonymous_1)","decl":{"start":{"line":44,"column":23},"end":{"line":44,"column":24}},"loc":{"start":{"line":44,"column":64},"end":{"line":46,"column":3}}},"2":{"name":"(anonymous_2)","decl":{"start":{"line":48,"column":19},"end":{"line":48,"column":24}},"loc":{"start":{"line":48,"column":44},"end":{"line":62,"column":3}}},"3":{"name":"(anonymous_3)","decl":{"start":{"line":65,"column":12},"end":{"line":65,"column":15}},"loc":{"start":{"line":65,"column":17},"end":{"line":71,"column":3}}},"4":{"name":"(anonymous_4)","decl":{"start":{"line":74,"column":12},"end":{"line":74,"column":15}},"loc":{"start":{"line":74,"column":17},"end":{"line":106,"column":3}}},"5":{"name":"handleKey","decl":{"start":{"line":85,"column":13},"end":{"line":85,"column":22}},"loc":{"start":{"line":85,"column":39},"end":{"line":100,"column":5}}},"6":{"name":"(anonymous_6)","decl":{"start":{"line":105,"column":11},"end":{"line":105,"column":14}},"loc":{"start":{"line":105,"column":17},"end":{"line":105,"column":67}}},"7":{"name":"(anonymous_7)","decl":{"start":{"line":154,"column":28},"end":{"line":154,"column":29}},"loc":{"start":{"line":155,"column":17},"end":{"line":155,"column":64}}},"8":{"name":"(anonymous_8)","decl":{"start":{"line":157,"column":28},"end":{"line":157,"column":29}},"loc":{"start":{"line":158,"column":17},"end":{"line":158,"column":61}}},"9":{"name":"(anonymous_9)","decl":{"start":{"line":185,"column":26},"end":{"line":185,"column":27}},"loc":{"start":{"line":185,"column":33},"end":{"line":185,"column":69}}},"10":{"name":"(anonymous_10)","decl":{"start":{"line":196,"column":25},"end":{"line":196,"column":26}},"loc":{"start":{"line":196,"column":33},"end":{"line":196,"column":78}}},"11":{"name":"(anonymous_11)","decl":{"start":{"line":197,"column":24},"end":{"line":197,"column":25}},"loc":{"start":{"line":197,"column":32},"end":{"line":197,"column":74}}},"12":{"name":"(anonymous_12)","decl":{"start":{"line":220,"column":26},"end":{"line":220,"column":27}},"loc":{"start":{"line":220,"column":32},"end":{"line":223,"column":17}}},"13":{"name":"(anonymous_13)","decl":{"start":{"line":234,"column":25},"end":{"line":234,"column":26}},"loc":{"start":{"line":234,"column":33},"end":{"line":234,"column":78}}},"14":{"name":"(anonymous_14)","decl":{"start":{"line":235,"column":24},"end":{"line":235,"column":25}},"loc":{"start":{"line":235,"column":32},"end":{"line":235,"column":74}}},"15":{"name":"(anonymous_15)","decl":{"start":{"line":265,"column":18},"end":{"line":265,"column":19}},"loc":{"start":{"line":265,"column":24},"end":{"line":277,"column":19}}},"16":{"name":"(anonymous_16)","decl":{"start":{"line":290,"column":25},"end":{"line":290,"column":26}},"loc":{"start":{"line":290,"column":33},"end":{"line":290,"column":78}}},"17":{"name":"(anonymous_17)","decl":{"start":{"line":291,"column":24},"end":{"line":291,"column":25}},"loc":{"start":{"line":291,"column":32},"end":{"line":291,"column":74}}},"18":{"name":"(anonymous_18)","decl":{"start":{"line":308,"column":26},"end":{"line":308,"column":27}},"loc":{"start":{"line":308,"column":33},"end":{"line":308,"column":73}}},"19":{"name":"(anonymous_19)","decl":{"start":{"line":319,"column":25},"end":{"line":319,"column":26}},"loc":{"start":{"line":319,"column":33},"end":{"line":319,"column":78}}},"20":{"name":"(anonymous_20)","decl":{"start":{"line":320,"column":24},"end":{"line":320,"column":25}},"loc":{"start":{"line":320,"column":32},"end":{"line":320,"column":74}}},"21":{"name":"(anonymous_21)","decl":{"start":{"line":365,"column":30},"end":{"line":365,"column":31}},"loc":{"start":{"line":366,"column":19},"end":{"line":366,"column":66}}},"22":{"name":"(anonymous_22)","decl":{"start":{"line":368,"column":30},"end":{"line":368,"column":31}},"loc":{"start":{"line":369,"column":19},"end":{"line":369,"column":63}}},"23":{"name":"(anonymous_23)","decl":{"start":{"line":391,"column":30},"end":{"line":391,"column":31}},"loc":{"start":{"line":392,"column":19},"end":{"line":392,"column":66}}},"24":{"name":"(anonymous_24)","decl":{"start":{"line":394,"column":30},"end":{"line":394,"column":31}},"loc":{"start":{"line":395,"column":19},"end":{"line":395,"column":63}}}},"branchMap":{"0":{"loc":{"start":{"line":66,"column":4},"end":{"line":70,"column":5}},"type":"if","locations":[{"start":{"line":66,"column":4},"end":{"line":70,"column":5}},{"start":{},"end":{}}]},"1":{"loc":{"start":{"line":75,"column":4},"end":{"line":75,"column":49}},"type":"if","locations":[{"start":{"line":75,"column":4},"end":{"line":75,"column":49}},{"start":{},"end":{}}]},"2":{"loc":{"start":{"line":75,"column":8},"end":{"line":75,"column":40}},"type":"binary-expr","locations":[{"start":{"line":75,"column":8},"end":{"line":75,"column":19}},{"start":{"line":75,"column":23},"end":{"line":75,"column":40}}]},"3":{"loc":{"start":{"line":80,"column":4},"end":{"line":80,"column":34}},"type":"if","locations":[{"start":{"line":80,"column":4},"end":{"line":80,"column":34}},{"start":{},"end":{}}]},"4":{"loc":{"start":{"line":86,"column":6},"end":{"line":89,"column":7}},"type":"if","locations":[{"start":{"line":86,"column":6},"end":{"line":89,"column":7}},{"start":{},"end":{}}]},"5":{"loc":{"start":{"line":91,"column":6},"end":{"line":91,"column":34}},"type":"if","locations":[{"start":{"line":91,"column":6},"end":{"line":91,"column":34}},{"start":{},"end":{}}]},"6":{"loc":{"start":{"line":93,"column":6},"end":{"line":99,"column":7}},"type":"if","locations":[{"start":{"line":93,"column":6},"end":{"line":99,"column":7}},{"start":{"line":96,"column":13},"end":{"line":99,"column":7}}]},"7":{"loc":{"start":{"line":93,"column":10},"end":{"line":93,"column":56}},"type":"binary-expr","locations":[{"start":{"line":93,"column":10},"end":{"line":93,"column":20}},{"start":{"line":93,"column":24},"end":{"line":93,"column":56}}]},"8":{"loc":{"start":{"line":96,"column":13},"end":{"line":99,"column":7}},"type":"if","locations":[{"start":{"line":96,"column":13},"end":{"line":99,"column":7}},{"start":{},"end":{}}]},"9":{"loc":{"start":{"line":96,"column":17},"end":{"line":96,"column":63}},"type":"binary-expr","locations":[{"start":{"line":96,"column":17},"end":{"line":96,"column":28}},{"start":{"line":96,"column":32},"end":{"line":96,"column":63}}]},"10":{"loc":{"start":{"line":118,"column":22},"end":{"line":120,"column":54}},"type":"cond-expr","locations":[{"start":{"line":119,"column":14},"end":{"line":119,"column":57}},{"start":{"line":120,"column":14},"end":{"line":120,"column":54}}]},"11":{"loc":{"start":{"line":121,"column":17},"end":{"line":121,"column":45}},"type":"cond-expr","locations":[{"start":{"line":121,"column":30},"end":{"line":121,"column":36}},{"start":{"line":121,"column":39},"end":{"line":121,"column":45}}]},"12":{"loc":{"start":{"line":126,"column":21},"end":{"line":128,"column":44}},"type":"cond-expr","locations":[{"start":{"line":127,"column":14},"end":{"line":127,"column":43}},{"start":{"line":128,"column":14},"end":{"line":128,"column":44}}]},"13":{"loc":{"start":{"line":132,"column":9},"end":{"line":401,"column":null}},"type":"cond-expr","locations":[{"start":{"line":133,"column":10},"end":{"line":162,"column":null}},{"start":{"line":165,"column":10},"end":{"line":400,"column":null}}]},"14":{"loc":{"start":{"line":148,"column":37},"end":{"line":148,"column":65}},"type":"cond-expr","locations":[{"start":{"line":148,"column":50},"end":{"line":148,"column":56}},{"start":{"line":148,"column":59},"end":{"line":148,"column":65}}]},"15":{"loc":{"start":{"line":149,"column":28},"end":{"line":149,"column":59}},"type":"cond-expr","locations":[{"start":{"line":149,"column":41},"end":{"line":149,"column":50}},{"start":{"line":149,"column":53},"end":{"line":149,"column":59}}]},"16":{"loc":{"start":{"line":150,"column":23},"end":{"line":150,"column":51}},"type":"cond-expr","locations":[{"start":{"line":150,"column":36},"end":{"line":150,"column":42}},{"start":{"line":150,"column":45},"end":{"line":150,"column":51}}]},"17":{"loc":{"start":{"line":190,"column":39},"end":{"line":190,"column":67}},"type":"cond-expr","locations":[{"start":{"line":190,"column":52},"end":{"line":190,"column":58}},{"start":{"line":190,"column":61},"end":{"line":190,"column":67}}]},"18":{"loc":{"start":{"line":191,"column":30},"end":{"line":191,"column":61}},"type":"cond-expr","locations":[{"start":{"line":191,"column":43},"end":{"line":191,"column":52}},{"start":{"line":191,"column":55},"end":{"line":191,"column":61}}]},"19":{"loc":{"start":{"line":192,"column":25},"end":{"line":192,"column":53}},"type":"cond-expr","locations":[{"start":{"line":192,"column":38},"end":{"line":192,"column":44}},{"start":{"line":192,"column":47},"end":{"line":192,"column":53}}]},"20":{"loc":{"start":{"line":211,"column":28},"end":{"line":211,"column":77}},"type":"cond-expr","locations":[{"start":{"line":211,"column":50},"end":{"line":211,"column":69}},{"start":{"line":211,"column":72},"end":{"line":211,"column":77}}]},"21":{"loc":{"start":{"line":218,"column":34},"end":{"line":218,"column":74}},"type":"cond-expr","locations":[{"start":{"line":218,"column":49},"end":{"line":218,"column":62}},{"start":{"line":218,"column":65},"end":{"line":218,"column":74}}]},"22":{"loc":{"start":{"line":228,"column":39},"end":{"line":228,"column":67}},"type":"cond-expr","locations":[{"start":{"line":228,"column":52},"end":{"line":228,"column":58}},{"start":{"line":228,"column":61},"end":{"line":228,"column":67}}]},"23":{"loc":{"start":{"line":229,"column":30},"end":{"line":229,"column":61}},"type":"cond-expr","locations":[{"start":{"line":229,"column":43},"end":{"line":229,"column":52}},{"start":{"line":229,"column":55},"end":{"line":229,"column":61}}]},"24":{"loc":{"start":{"line":230,"column":25},"end":{"line":230,"column":53}},"type":"cond-expr","locations":[{"start":{"line":230,"column":38},"end":{"line":230,"column":44}},{"start":{"line":230,"column":47},"end":{"line":230,"column":53}}]},"25":{"loc":{"start":{"line":237,"column":15},"end":{"line":240,"column":null}},"type":"binary-expr","locations":[{"start":{"line":237,"column":15},"end":{"line":237,"column":27}},{"start":{"line":238,"column":16},"end":{"line":239,"column":null}}]},"26":{"loc":{"start":{"line":262,"column":34},"end":{"line":262,"column":78}},"type":"cond-expr","locations":[{"start":{"line":262,"column":51},"end":{"line":262,"column":66}},{"start":{"line":262,"column":69},"end":{"line":262,"column":78}}]},"27":{"loc":{"start":{"line":284,"column":39},"end":{"line":284,"column":67}},"type":"cond-expr","locations":[{"start":{"line":284,"column":52},"end":{"line":284,"column":58}},{"start":{"line":284,"column":61},"end":{"line":284,"column":67}}]},"28":{"loc":{"start":{"line":285,"column":30},"end":{"line":285,"column":61}},"type":"cond-expr","locations":[{"start":{"line":285,"column":43},"end":{"line":285,"column":52}},{"start":{"line":285,"column":55},"end":{"line":285,"column":61}}]},"29":{"loc":{"start":{"line":286,"column":25},"end":{"line":286,"column":53}},"type":"cond-expr","locations":[{"start":{"line":286,"column":38},"end":{"line":286,"column":44}},{"start":{"line":286,"column":47},"end":{"line":286,"column":53}}]},"30":{"loc":{"start":{"line":293,"column":15},"end":{"line":296,"column":null}},"type":"binary-expr","locations":[{"start":{"line":293,"column":15},"end":{"line":293,"column":29}},{"start":{"line":294,"column":16},"end":{"line":295,"column":null}}]},"31":{"loc":{"start":{"line":313,"column":39},"end":{"line":313,"column":67}},"type":"cond-expr","locations":[{"start":{"line":313,"column":52},"end":{"line":313,"column":58}},{"start":{"line":313,"column":61},"end":{"line":313,"column":67}}]},"32":{"loc":{"start":{"line":314,"column":30},"end":{"line":314,"column":61}},"type":"cond-expr","locations":[{"start":{"line":314,"column":43},"end":{"line":314,"column":52}},{"start":{"line":314,"column":55},"end":{"line":314,"column":61}}]},"33":{"loc":{"start":{"line":315,"column":25},"end":{"line":315,"column":53}},"type":"cond-expr","locations":[{"start":{"line":315,"column":38},"end":{"line":315,"column":44}},{"start":{"line":315,"column":47},"end":{"line":315,"column":53}}]},"34":{"loc":{"start":{"line":328,"column":13},"end":{"line":334,"column":null}},"type":"binary-expr","locations":[{"start":{"line":328,"column":13},"end":{"line":328,"column":24}},{"start":{"line":329,"column":14},"end":{"line":333,"column":null}}]},"35":{"loc":{"start":{"line":353,"column":30},"end":{"line":355,"column":67}},"type":"cond-expr","locations":[{"start":{"line":354,"column":22},"end":{"line":354,"column":62}},{"start":{"line":355,"column":22},"end":{"line":355,"column":67}}]},"36":{"loc":{"start":{"line":361,"column":29},"end":{"line":363,"column":55}},"type":"cond-expr","locations":[{"start":{"line":362,"column":22},"end":{"line":362,"column":55}},{"start":{"line":363,"column":22},"end":{"line":363,"column":55}}]},"37":{"loc":{"start":{"line":372,"column":17},"end":{"line":372,"column":50}},"type":"cond-expr","locations":[{"start":{"line":372,"column":27},"end":{"line":372,"column":39}},{"start":{"line":372,"column":42},"end":{"line":372,"column":50}}]},"38":{"loc":{"start":{"line":383,"column":30},"end":{"line":383,"column":64}},"type":"cond-expr","locations":[{"start":{"line":383,"column":43},"end":{"line":383,"column":52}},{"start":{"line":383,"column":55},"end":{"line":383,"column":64}}]},"39":{"loc":{"start":{"line":384,"column":25},"end":{"line":384,"column":53}},"type":"cond-expr","locations":[{"start":{"line":384,"column":38},"end":{"line":384,"column":44}},{"start":{"line":384,"column":47},"end":{"line":384,"column":53}}]},"40":{"loc":{"start":{"line":385,"column":26},"end":{"line":385,"column":74}},"type":"cond-expr","locations":[{"start":{"line":385,"column":39},"end":{"line":385,"column":55}},{"start":{"line":385,"column":58},"end":{"line":385,"column":74}}]}},"s":{"0":1,"1":1,"2":1,"3":1,"4":1,"5":1,"6":1,"7":83,"8":83,"9":83,"10":83,"11":83,"12":83,"13":83,"14":83,"15":83,"16":38,"17":83,"18":1,"19":1,"20":1,"21":1,"22":1,"23":1,"24":1,"25":1,"26":0,"27":1,"28":83,"29":83,"30":5,"31":5,"32":5,"33":5,"34":83,"35":5,"36":0,"37":5,"38":5,"39":0,"40":5,"41":5,"42":38,"43":0,"44":0,"45":38,"46":38,"47":0,"48":0,"49":0,"50":0,"51":0,"52":0,"53":5,"54":5,"55":5,"56":5,"57":83,"58":0,"59":0,"60":8,"61":5,"62":4,"63":0,"64":0,"65":0,"66":0,"67":30,"68":30,"69":10,"70":7,"71":0,"72":0,"73":0,"74":3,"75":0,"76":0,"77":0},"f":{"0":83,"1":38,"2":1,"3":5,"4":5,"5":38,"6":5,"7":0,"8":0,"9":8,"10":5,"11":4,"12":0,"13":0,"14":0,"15":30,"16":10,"17":7,"18":0,"19":0,"20":0,"21":3,"22":0,"23":0,"24":0},"b":{"0":[5,0],"1":[0,5],"2":[5,5],"3":[0,5],"4":[0,38],"5":[38,0],"6":[0,0],"7":[0,0],"8":[0,0],"9":[0,0],"10":[0,83],"11":[0,83],"12":[0,83],"13":[1,82],"14":[0,1],"15":[0,1],"16":[0,1],"17":[0,82],"18":[0,82],"19":[0,82],"20":[0,82],"21":[0,82],"22":[0,82],"23":[0,82],"24":[0,82],"25":[82,0],"26":[2,80],"27":[0,82],"28":[0,82],"29":[0,82],"30":[82,2],"31":[0,82],"32":[0,82],"33":[0,82],"34":[82,0],"35":[0,82],"36":[0,82],"37":[0,82],"38":[0,82],"39":[0,82],"40":[0,82]}}
,"C:\\Users\\tushr\\Feature-Flagged-Feedback-Widget\\src\\Component\\Widget\\Widget.tsx": {"path":"C:\\Users\\tushr\\Feature-Flagged-Feedback-Widget\\src\\Component\\Widget\\Widget.tsx","statementMap":{"0":{"start":{"line":1,"column":0},"end":{"line":1,"column":44}},"1":{"start":{"line":2,"column":0},"end":{"line":2,"column":56}},"2":{"start":{"line":3,"column":0},"end":{"line":3,"column":42}},"3":{"start":{"line":4,"column":0},"end":{"line":4,"column":42}},"4":{"start":{"line":5,"column":0},"end":{"line":5,"column":50}},"5":{"start":{"line":10,"column":26},"end":{"line":10,"column":59}},"6":{"start":{"line":11,"column":34},"end":{"line":11,"column":49}},"7":{"start":{"line":13,"column":2},"end":{"line":18,"column":9}},"8":{"start":{"line":14,"column":22},"end":{"line":14,"column":64}},"9":{"start":{"line":14,"column":28},"end":{"line":14,"column":64}},"10":{"start":{"line":15,"column":4},"end":{"line":15,"column":16}},"11":{"start":{"line":16,"column":4},"end":{"line":16,"column":49}},"12":{"start":{"line":17,"column":4},"end":{"line":17,"column":65}},"13":{"start":{"line":17,"column":17},"end":{"line":17,"column":64}},"14":{"start":{"line":20,"column":21},"end":{"line":20,"column":66}},"15":{"start":{"line":20,"column":27},"end":{"line":20,"column":66}},"16":{"start":{"line":21,"column":22},"end":{"line":21,"column":48}},"17":{"start":{"line":21,"column":28},"end":{"line":21,"column":48}},"18":{"start":{"line":22,"column":24},"end":{"line":28,"column":3}},"19":{"start":{"line":23,"column":4},"end":{"line":27,"column":5}},"20":{"start":{"line":24,"column":6},"end":{"line":24,"column":19}},"21":{"start":{"line":26,"column":6},"end":{"line":26,"column":20}},"22":{"start":{"line":29,"column":2},"end":{"line":64,"column":4}},"23":{"start":{"line":67,"column":0},"end":{"line":67,"column":22}}},"fnMap":{"0":{"name":"Widget","decl":{"start":{"line":9,"column":9},"end":{"line":9,"column":15}},"loc":{"start":{"line":9,"column":15},"end":{"line":65,"column":1}}},"1":{"name":"(anonymous_1)","decl":{"start":{"line":13,"column":12},"end":{"line":13,"column":15}},"loc":{"start":{"line":13,"column":17},"end":{"line":18,"column":3}}},"2":{"name":"(anonymous_2)","decl":{"start":{"line":14,"column":22},"end":{"line":14,"column":25}},"loc":{"start":{"line":14,"column":28},"end":{"line":14,"column":64}}},"3":{"name":"(anonymous_3)","decl":{"start":{"line":17,"column":11},"end":{"line":17,"column":14}},"loc":{"start":{"line":17,"column":17},"end":{"line":17,"column":64}}},"4":{"name":"(anonymous_4)","decl":{"start":{"line":20,"column":21},"end":{"line":20,"column":24}},"loc":{"start":{"line":20,"column":27},"end":{"line":20,"column":66}}},"5":{"name":"(anonymous_5)","decl":{"start":{"line":21,"column":22},"end":{"line":21,"column":25}},"loc":{"start":{"line":21,"column":28},"end":{"line":21,"column":48}}},"6":{"name":"(anonymous_6)","decl":{"start":{"line":22,"column":24},"end":{"line":22,"column":27}},"loc":{"start":{"line":22,"column":29},"end":{"line":28,"column":3}}}},"branchMap":{"0":{"loc":{"start":{"line":20,"column":35},"end":{"line":20,"column":65}},"type":"cond-expr","locations":[{"start":{"line":20,"column":46},"end":{"line":20,"column":52}},{"start":{"line":20,"column":55},"end":{"line":20,"column":65}}]},"1":{"loc":{"start":{"line":23,"column":4},"end":{"line":27,"column":5}},"type":"if","locations":[{"start":{"line":23,"column":4},"end":{"line":27,"column":5}},{"start":{"line":25,"column":11},"end":{"line":27,"column":5}}]},"2":{"loc":{"start":{"line":36,"column":9},"end":{"line":46,"column":null}},"type":"binary-expr","locations":[{"start":{"line":36,"column":9},"end":{"line":36,"column":28}},{"start":{"line":37,"column":10},"end":{"line":45,"column":null}}]},"3":{"loc":{"start":{"line":52,"column":9},"end":{"line":60,"column":null}},"type":"binary-expr","locations":[{"start":{"line":52,"column":9},"end":{"line":52,"column":24}},{"start":{"line":53,"column":10},"end":{"line":59,"column":null}}]}},"s":{"0":1,"1":1,"2":1,"3":1,"4":1,"5":15,"6":15,"7":15,"8":5,"9":5,"10":5,"11":5,"12":5,"13":5,"14":15,"15":4,"16":15,"17":2,"18":15,"19":5,"20":4,"21":1,"22":15,"23":1},"f":{"0":15,"1":5,"2":5,"3":5,"4":4,"5":2,"6":5},"b":{"0":[1,3],"1":[4,1],"2":[15,6],"3":[15,1]}}
,"C:\\Users\\tushr\\Feature-Flagged-Feedback-Widget\\src\\context\\FeatureFlagContext.tsx": {"path":"C:\\Users\\tushr\\Feature-Flagged-Feedback-Widget\\src\\context\\FeatureFlagContext.tsx","statementMap":{"0":{"start":{"line":16,"column":0},"end":{"line":16,"column":16}},"1":{"start":{"line":22,"column":0},"end":{"line":22,"column":16}},"2":{"start":{"line":1,"column":0},"end":{"line":1,"column":71}},"3":{"start":{"line":3,"column":0},"end":{"line":3,"column":51}},"4":{"start":{"line":14,"column":27},"end":{"line":14,"column":76}},"5":{"start":{"line":17,"column":18},"end":{"line":17,"column":48}},"6":{"start":{"line":18,"column":2},"end":{"line":18,"column":75}},"7":{"start":{"line":18,"column":16},"end":{"line":18,"column":75}},"8":{"start":{"line":19,"column":2},"end":{"line":19,"column":23}},"9":{"start":{"line":23,"column":28},"end":{"line":26,"column":4}},"10":{"start":{"line":28,"column":2},"end":{"line":30,"column":9}},"11":{"start":{"line":29,"column":4},"end":{"line":29,"column":60}},"12":{"start":{"line":32,"column":2},"end":{"line":36,"column":4}}},"fnMap":{"0":{"name":"useFeatureFlags","decl":{"start":{"line":16,"column":16},"end":{"line":16,"column":31}},"loc":{"start":{"line":16,"column":31},"end":{"line":20,"column":1}}},"1":{"name":"FeatureFlagProvider","decl":{"start":{"line":22,"column":16},"end":{"line":22,"column":35}},"loc":{"start":{"line":22,"column":73},"end":{"line":37,"column":1}}},"2":{"name":"(anonymous_2)","decl":{"start":{"line":28,"column":12},"end":{"line":28,"column":15}},"loc":{"start":{"line":28,"column":17},"end":{"line":30,"column":3}}}},"branchMap":{"0":{"loc":{"start":{"line":18,"column":2},"end":{"line":18,"column":75}},"type":"if","locations":[{"start":{"line":18,"column":2},"end":{"line":18,"column":75}},{"start":{},"end":{}}]}},"s":{"0":2,"1":2,"2":2,"3":2,"4":2,"5":90,"6":89,"7":2,"8":87,"9":13,"10":13,"11":7,"12":13},"f":{"0":90,"1":13,"2":7},"b":{"0":[2,87]}}
,"C:\\Users\\tushr\\Feature-Flagged-Feedback-Widget\\src\\hooks\\useDraftState.ts": {"path":"C:\\Users\\tushr\\Feature-Flagged-Feedback-Widget\\src\\hooks\\useDraftState.ts","statementMap":{"0":{"start":{"line":3,"column":0},"end":{"line":3,"column":16}},"1":{"start":{"line":1,"column":0},"end":{"line":1,"column":44}},"2":{"start":{"line":4,"column":28},"end":{"line":12,"column":4}},"3":{"start":{"line":5,"column":4},"end":{"line":5,"column":59}},"4":{"start":{"line":5,"column":39},"end":{"line":5,"column":59}},"5":{"start":{"line":6,"column":4},"end":{"line":11,"column":5}},"6":{"start":{"line":7,"column":20},"end":{"line":7,"column":45}},"7":{"start":{"line":8,"column":6},"end":{"line":8,"column":61}},"8":{"start":{"line":10,"column":6},"end":{"line":10,"column":26}},"9":{"start":{"line":14,"column":2},"end":{"line":20,"column":19}},"10":{"start":{"line":15,"column":4},"end":{"line":19,"column":5}},"11":{"start":{"line":16,"column":6},"end":{"line":16,"column":55}},"12":{"start":{"line":22,"column":2},"end":{"line":22,"column":36}}},"fnMap":{"0":{"name":"useDraftState","decl":{"start":{"line":3,"column":16},"end":{"line":3,"column":29}},"loc":{"start":{"line":3,"column":61},"end":{"line":23,"column":1}}},"1":{"name":"(anonymous_1)","decl":{"start":{"line":4,"column":40},"end":{"line":4,"column":43}},"loc":{"start":{"line":4,"column":45},"end":{"line":12,"column":3}}},"2":{"name":"(anonymous_2)","decl":{"start":{"line":14,"column":12},"end":{"line":14,"column":15}},"loc":{"start":{"line":14,"column":17},"end":{"line":20,"column":3}}}},"branchMap":{"0":{"loc":{"start":{"line":5,"column":4},"end":{"line":5,"column":59}},"type":"if","locations":[{"start":{"line":5,"column":4},"end":{"line":5,"column":59}},{"start":{},"end":{}}]},"1":{"loc":{"start":{"line":8,"column":13},"end":{"line":8,"column":60}},"type":"cond-expr","locations":[{"start":{"line":8,"column":22},"end":{"line":8,"column":45}},{"start":{"line":8,"column":48},"end":{"line":8,"column":60}}]}},"s":{"0":1,"1":1,"2":83,"3":5,"4":0,"5":5,"6":5,"7":5,"8":0,"9":83,"10":44,"11":44,"12":83},"f":{"0":83,"1":5,"2":44},"b":{"0":[0,5],"1":[4,1]}}
}
