TN:
SF:src\Component\Widget\FeedbackForm.tsx
FN:20,FeedbackForm
FN:44,(anonymous_1)
FN:48,(anonymous_2)
FN:65,(anonymous_3)
FN:74,(anonymous_4)
FN:85,handleKey
FN:105,(anonymous_6)
FN:154,(anonymous_7)
FN:157,(anonymous_8)
FN:185,(anonymous_9)
FN:196,(anonymous_10)
FN:197,(anonymous_11)
FN:220,(anonymous_12)
FN:234,(anonymous_13)
FN:235,(anonymous_14)
FN:265,(anonymous_15)
FN:290,(anonymous_16)
FN:291,(anonymous_17)
FN:308,(anonymous_18)
FN:319,(anonymous_19)
FN:320,(anonymous_20)
FN:365,(anonymous_21)
FN:368,(anonymous_22)
FN:391,(anonymous_23)
FN:394,(anonymous_24)
FNF:25
FNH:14
FNDA:83,FeedbackForm
FNDA:38,(anonymous_1)
FNDA:1,(anonymous_2)
FNDA:5,(anonymous_3)
FNDA:5,(anonymous_4)
FNDA:38,handleKey
FNDA:5,(anonymous_6)
FNDA:0,(anonymous_7)
FNDA:0,(anonymous_8)
FNDA:8,(anonymous_9)
FNDA:5,(anonymous_10)
FNDA:4,(anonymous_11)
FNDA:0,(anonymous_12)
FNDA:0,(anonymous_13)
FNDA:0,(anonymous_14)
FNDA:30,(anonymous_15)
FNDA:10,(anonymous_16)
FNDA:7,(anonymous_17)
FNDA:0,(anonymous_18)
FNDA:0,(anonymous_19)
FNDA:0,(anonymous_20)
FNDA:3,(anonymous_21)
FNDA:0,(anonymous_22)
FNDA:0,(anonymous_23)
FNDA:0,(anonymous_24)
DA:1,1
DA:2,1
DA:3,1
DA:4,1
DA:5,1
DA:6,1
DA:20,1
DA:21,83
DA:22,83
DA:23,83
DA:24,83
DA:25,83
DA:26,83
DA:28,83
DA:42,83
DA:44,83
DA:45,38
DA:48,83
DA:49,1
DA:50,1
DA:51,1
DA:52,1
DA:53,1
DA:54,1
DA:55,1
DA:56,1
DA:58,0
DA:60,1
DA:64,83
DA:65,83
DA:66,5
DA:67,5
DA:68,5
DA:69,5
DA:74,83
DA:75,5
DA:77,5
DA:80,5
DA:82,5
DA:83,5
DA:86,38
DA:87,0
DA:88,0
DA:91,38
DA:93,0
DA:94,0
DA:95,0
DA:96,0
DA:97,0
DA:98,0
DA:102,5
DA:103,5
DA:105,5
DA:108,83
DA:155,0
DA:158,0
DA:185,8
DA:196,5
DA:197,4
DA:221,0
DA:222,0
DA:234,0
DA:235,0
DA:266,30
DA:270,30
DA:290,10
DA:291,7
DA:308,0
DA:319,0
DA:320,0
DA:366,3
DA:369,0
DA:392,0
DA:395,0
LF:74
LH:53
BRDA:66,0,0,5
BRDA:66,0,1,0
BRDA:75,1,0,0
BRDA:75,1,1,5
BRDA:75,2,0,5
BRDA:75,2,1,5
BRDA:80,3,0,0
BRDA:80,3,1,5
BRDA:86,4,0,0
BRDA:86,4,1,38
BRDA:91,5,0,38
BRDA:91,5,1,0
BRDA:93,6,0,0
BRDA:93,6,1,0
BRDA:93,7,0,0
BRDA:93,7,1,0
BRDA:96,8,0,0
BRDA:96,8,1,0
BRDA:96,9,0,0
BRDA:96,9,1,0
BRDA:118,10,0,0
BRDA:118,10,1,83
BRDA:121,11,0,0
BRDA:121,11,1,83
BRDA:126,12,0,0
BRDA:126,12,1,83
BRDA:132,13,0,1
BRDA:132,13,1,82
BRDA:148,14,0,0
BRDA:148,14,1,1
BRDA:149,15,0,0
BRDA:149,15,1,1
BRDA:150,16,0,0
BRDA:150,16,1,1
BRDA:190,17,0,0
BRDA:190,17,1,82
BRDA:191,18,0,0
BRDA:191,18,1,82
BRDA:192,19,0,0
BRDA:192,19,1,82
BRDA:211,20,0,0
BRDA:211,20,1,82
BRDA:218,21,0,0
BRDA:218,21,1,82
BRDA:228,22,0,0
BRDA:228,22,1,82
BRDA:229,23,0,0
BRDA:229,23,1,82
BRDA:230,24,0,0
BRDA:230,24,1,82
BRDA:237,25,0,82
BRDA:237,25,1,0
BRDA:262,26,0,2
BRDA:262,26,1,80
BRDA:284,27,0,0
BRDA:284,27,1,82
BRDA:285,28,0,0
BRDA:285,28,1,82
BRDA:286,29,0,0
BRDA:286,29,1,82
BRDA:293,30,0,82
BRDA:293,30,1,2
BRDA:313,31,0,0
BRDA:313,31,1,82
BRDA:314,32,0,0
BRDA:314,32,1,82
BRDA:315,33,0,0
BRDA:315,33,1,82
BRDA:328,34,0,82
BRDA:328,34,1,0
BRDA:353,35,0,0
BRDA:353,35,1,82
BRDA:361,36,0,0
BRDA:361,36,1,82
BRDA:372,37,0,0
BRDA:372,37,1,82
BRDA:383,38,0,0
BRDA:383,38,1,82
BRDA:384,39,0,0
BRDA:384,39,1,82
BRDA:385,40,0,0
BRDA:385,40,1,82
BRF:82
BRH:41
end_of_record
TN:
SF:src\Component\Widget\Widget.tsx
FN:9,Widget
FN:13,(anonymous_1)
FN:14,(anonymous_2)
FN:17,(anonymous_3)
FN:20,(anonymous_4)
FN:21,(anonymous_5)
FN:22,(anonymous_6)
FNF:7
FNH:7
FNDA:15,Widget
FNDA:5,(anonymous_1)
FNDA:5,(anonymous_2)
FNDA:5,(anonymous_3)
FNDA:4,(anonymous_4)
FNDA:2,(anonymous_5)
FNDA:5,(anonymous_6)
DA:1,1
DA:2,1
DA:3,1
DA:4,1
DA:5,1
DA:10,15
DA:11,15
DA:13,15
DA:14,5
DA:15,5
DA:16,5
DA:17,5
DA:20,15
DA:21,15
DA:22,15
DA:23,5
DA:24,4
DA:26,1
DA:29,15
DA:67,1
LF:20
LH:20
BRDA:20,0,0,1
BRDA:20,0,1,3
BRDA:23,1,0,4
BRDA:23,1,1,1
BRDA:36,2,0,15
BRDA:36,2,1,6
BRDA:52,3,0,15
BRDA:52,3,1,1
BRF:8
BRH:8
end_of_record
TN:
SF:src\context\FeatureFlagContext.tsx
FN:16,useFeatureFlags
FN:22,FeatureFlagProvider
FN:28,(anonymous_2)
FNF:3
FNH:3
FNDA:90,useFeatureFlags
FNDA:13,FeatureFlagProvider
FNDA:7,(anonymous_2)
DA:1,2
DA:3,2
DA:14,2
DA:16,2
DA:17,90
DA:18,89
DA:19,87
DA:22,2
DA:23,13
DA:28,13
DA:29,7
DA:32,13
LF:12
LH:12
BRDA:18,0,0,2
BRDA:18,0,1,87
BRF:2
BRH:2
end_of_record
TN:
SF:src\hooks\useDraftState.ts
FN:3,useDraftState
FN:4,(anonymous_1)
FN:14,(anonymous_2)
FNF:3
FNH:3
FNDA:83,useDraftState
FNDA:5,(anonymous_1)
FNDA:44,(anonymous_2)
DA:1,1
DA:3,1
DA:4,83
DA:5,5
DA:6,5
DA:7,5
DA:8,5
DA:10,0
DA:14,83
DA:15,44
DA:16,44
DA:22,83
LF:12
LH:11
BRDA:5,0,0,0
BRDA:5,0,1,5
BRDA:8,1,0,4
BRDA:8,1,1,1
BRF:4
BRH:3
end_of_record
